<?xml version="1.0" encoding="UTF-8"?>
<!-- Generated by org.testng.reporters.JUnitReportReporter -->
<testsuite hostname="LAPTOP-HJ6DPI2A" failures="0" tests="1" name="com.MagentoApplication.TestRunner.loginFunctionalityTestRunner" time="12.879" errors="0" timestamp="2025-03-24T12:13:11 IST" skipped="0">
  <testcase classname="com.MagentoApplication.TestRunner.loginFunctionalityTestRunner" name="runScenario" time="12.879"/>
</testsuite> <!-- com.MagentoApplication.TestRunner.loginFunctionalityTestRunner -->
