<?xml version="1.0" encoding="UTF-8"?>
<!-- Generated by org.testng.reporters.JUnitReportReporter -->
<testsuite hostname="LAPTOP-HJ6DPI2A" failures="1" tests="1" name="com.MagentoApplication.TestRunner.MutipleItemsToCartTestRunner" time="62.202" errors="0" timestamp="2025-03-22T11:42:45 IST" skipped="0">
  <testcase classname="com.MagentoApplication.TestRunner.MutipleItemsToCartTestRunner" name="runScenario" time="62.202">
    <failure message="expected [You added Typhon Performance Fleece-lined Jacket to your shopping cart.] but found [null]" type="java.lang.AssertionError">
      <![CDATA[java.lang.AssertionError: expected [You added Typhon Performance Fleece-lined Jacket to your shopping cart.] but found [null]
at org.testng.Assert.fail(Assert.java:111)
at org.testng.Assert.failNotEquals(Assert.java:1590)
at org.testng.Assert.assertEqualsImpl(Assert.java:150)
at org.testng.Assert.assertEquals(Assert.java:132)
at org.testng.Assert.assertEquals(Assert.java:656)
at org.testng.Assert.assertEquals(Assert.java:666)
at com.MagentoApplication.StepDefinition.MultipleItemsToCartStepDefinition.verify_whether_the_products_are_added_to_cart_with_message_and_total_price(MultipleItemsToCartStepDefinition.java:34)
at âœ½.Verify whether the products are added to cart with message 'You added Typhon Performance Fleece-lined Jacket to your shopping cart.'  and total price '$103.00'(file:///C:/Users/Bhavana/eclipse-workspace/MagentoApplication/src/test/resources/com.MagentoTesting.Feature/5_MultipleitemsToCart.feature:21)
]]>
    </failure>
  </testcase> <!-- runScenario -->
</testsuite> <!-- com.MagentoApplication.TestRunner.MutipleItemsToCartTestRunner -->
